res：product/P8VxXDMaMf/devices/a
et：1747655214
key：nSsTkWnjFS2Zfbc
3Lz0Dqa1XPbO7b
zOFIUU/z3fv1a0=
methodmd5
Token：version=2018-10-31&res=product%2FP8VxXDMaMf%2Fdevices%2Fa&et=1747655214&method=md5&sign=lyurPRdLtE1q7QsLwPEA6A%3D%3D


res：product/P8VxXDMaMf/devices/a
et：1747655214
key：nSsTkWnjFS2Zfbc
3Lz0Dqa1XPbO7b
zOFIUU/z3fv1a0=
methodmd5
Token：version=2018-10-31&res=product%2FP8VxXDMaMf%2Fdevices%2Fa&et=1747655214&method=md5&sign=lyurPRdLtE1q7QsLwPEA6A%3D%3D


res：product/P8VxXDMaMf/devices/a
et：1747655214
key：nSsTkWnjFS2Zfbc
3Lz0Dqa1XPbO7b
zOFIUU/z3fv1a0=
methodmd5
Token：version=2018-10-31&res=product%2FP8VxXDMaMf%2Fdevices%2Fa&et=1747655214&method=md5&sign=lyurPRdLtE1q7QsLwPEA6A%3D%3D


res：product/P8VxXDMaMf/devices/a
et：1747655214
key：nSsTkWnjFS2Zfbc
3Lz0Dqa1XPbO7b
zOFIUU/z3fv1a0=
methodmd5
Token：version=2018-10-31&res=product%2FP8VxXDMaMf%2Fdevices%2Fa&et=1747655214&method=md5&sign=lyurPRdLtE1q7QsLwPEA6A%3D%3D


res：product/P8VxXDMaMf/devices/a
et：1747655214
key：nSsTkWnjFS2Zfbc
3Lz0Dqa1XPbO7b
zOFIUU/z3fv1a0=
methodmd5
Token：version=2018-10-31&res=product%2FP8VxXDMaMf%2Fdevices%2Fa&et=1747655214&method=md5&sign=lyurPRdLtE1q7QsLwPEA6A%3D%3D


res：products/P8VxXDMaMf/devices/a
et：2053320694
key：nSsTkWnjFS2Zfbc
3Lz0Dqa1XPbO7b
zOFIUU/z3fv1a0=
methodmd5
Token：version=2018-10-31&res=products%2FP8VxXDMaMf%2Fdevices%2Fa&et=2053320694&method=md5&sign=KrkUGYGK0919qQ4C%2BOEuEA%3D%3D


res：products/P8VxXDMaMf/devices/a
et：2053320694
key：nSsTkWnjFS2Zfbc
3Lz0Dqa1XPbO7b
zOFIUU/z3fv1a0=
methodmd5
Token：version=2018-10-31&res=products%2FP8VxXDMaMf%2Fdevices%2Fa&et=2053320694&method=md5&sign=KrkUGYGK0919qQ4C%2BOEuEA%3D%3D


res：products/P8VxXDMaMf/devices/a
et：2053320694
key：nSsTkWnjFS2Zfbc
3Lz0Dqa1XPbO7b
zOFIUU/z3fv1a0=
methodmd5
Token：version=2018-10-31&res=products%2FP8VxXDMaMf%2Fdevices%2Fa&et=2053320694&method=md5&sign=KrkUGYGK0919qQ4C%2BOEuEA%3D%3D


res：products/P8VxXDMaMf/devices/a
et：2053320694
key：nSsTkWnjFS2Zfbc
3Lz0Dqa1XPbO7b
zOFIUU/z3fv1a0=
methodmd5
Token：version=2018-10-31&res=products%2FP8VxXDMaMf%2Fdevices%2Fa&et=2053320694&method=md5&sign=KrkUGYGK0919qQ4C%2BOEuEA%3D%3D


res：products/P8VxXDMaMf/devices/a
et：2053320694
key：nSsTkWnjFS2Zfbc
3Lz0Dqa1XPbO7b
zOFIUU/z3fv1a0=
methodmd5
Token：version=2018-10-31&res=products%2FP8VxXDMaMf%2Fdevices%2Fa&et=2053320694&method=md5&sign=KrkUGYGK0919qQ4C%2BOEuEA%3D%3D


res：products/P8VxXDMaMf/devices/a
et：2053320694
key：nSsTkWnjFS2Zfbc
3Lz0Dqa1XPbO7b
zOFIUU/z3fv1a0=
methodmd5
Token：version=2018-10-31&res=products%2FP8VxXDMaMf%2Fdevices%2Fa&et=2053320694&method=md5&sign=KrkUGYGK0919qQ4C%2BOEuEA%3D%3D


res：products/P8VxXDMaMf/devices/a
et：2053320694
key：WDIzbFFpbWJwelBadERXd3lpd0tSSEd4SGowWkF3bHQ=
methodmd5
Token：version=2018-10-31&res=products%2FP8VxXDMaMf%2Fdevices%2Fa&et=2053320694&method=md5&sign=aqA94XF07wX%2F%2BQ9UUROB4w%3D%3D


res：product/kr2HSP5Z9J/devices/light
et：1758099867
key：dGVXYzJjRU5ZZEtSQllka0lpOXRPOXdJNGpaTUhrS2k=
methodmd5
Token：version=2018-10-31&res=product%2Fkr2HSP5Z9J%2Fdevices%2Flight&et=1758099867&method=md5&sign=kCiE6BncxZwTgQEz6hlD6g%3D%3D


res：product/kr2HSP5Z9J/devices/light
et：1758099867
key：dGVXYzJjRU5ZZEtSQllka0lpOXRPOXdJNGpaTUhrS2k=
methodmd5
Token：version=2018-10-31&res=product%2Fkr2HSP5Z9J%2Fdevices%2Flight&et=1758099867&method=md5&sign=kCiE6BncxZwTgQEz6hlD6g%3D%3D


res：product/kr2HSP5Z9J/devices/light
et：1758167093
key：dGVXYzJjRU5ZZEtSQllka0lpOXRPOXdJNGpaTUhrS2k=
methodmd5
Token：version=2018-10-31&res=product%2Fkr2HSP5Z9J%2Fdevices%2Flight&et=1758167093&method=md5&sign=arXwztT2m730b8Rw7aMqVg%3D%3D


res：product/kr2HSP5Z9J/devices/light
et：1758167093
key：dGVXYzJjRU5ZZEtSQllka0lpOXRPOXdJNGpaTUhrS2k=
methodmd5
Token：version=2018-10-31&res=product%2Fkr2HSP5Z9J%2Fdevices%2Flight&et=1758167093&method=md5&sign=arXwztT2m730b8Rw7aMqVg%3D%3D


res：product/kr2HSP5Z9J/devices/light
et：1758167093
key：dGVXYzJjRU5ZZEtSQllka0lpOXRPOXdJNGpaTUhrS2k=
methodmd5
Token：version=2018-10-31&res=product%2Fkr2HSP5Z9J%2Fdevices%2Flight&et=1758167093&method=md5&sign=arXwztT2m730b8Rw7aMqVg%3D%3D


res：product/kr2HSP5Z9J/devices/light
et：1758167093
key：dGVXYzJjRU5ZZEtSQllka0lpOXRPOXdJNGpaTUhrS2k=
methodmd5
Token：version=2018-10-31&res=product%2Fkr2HSP5Z9J%2Fdevices%2Flight&et=1758167093&method=md5&sign=arXwztT2m730b8Rw7aMqVg%3D%3D


res：products/kr2HSP5Z9J/devices/light
et：1758167093
key：dGVXYzJjRU5ZZEtSQllka0lpOXRPOXdJNGpaTUhrS2k=
methodmd5
Token：version=2018-10-31&res=products%2Fkr2HSP5Z9J%2Fdevices%2Flight&et=1758167093&method=md5&sign=dTCUXKsZX85Ip4vHMEwKXw%3D%3D


res：products/kr2HSP5Z9J/devices/light
et：1758167093
key：dGVXYzJjRU5ZZEtSQllka0lpOXRPOXdJNGpaTUhrS2k=
methodmd5
Token：version=2018-10-31&res=products%2Fkr2HSP5Z9J%2Fdevices%2Flight&et=1758167093&method=md5&sign=dTCUXKsZX85Ip4vHMEwKXw%3D%3D


res：products/kr2HSP5Z9J/devices/light
et：1758167093
key：dGVXYzJjRU5ZZEtSQllka0lpOXRPOXdJNGpaTUhrS2k=
methodmd5
Token：version=2018-10-31&res=products%2Fkr2HSP5Z9J%2Fdevices%2Flight&et=1758167093&method=md5&sign=dTCUXKsZX85Ip4vHMEwKXw%3D%3D


res：products/kr2HSP5Z9J/devices/Light
et：1758167093
key：dGVXYzJjRU5ZZEtSQllka0lpOXRPOXdJNGpaTUhrS2k=
methodmd5
Token：version=2018-10-31&res=products%2Fkr2HSP5Z9J%2Fdevices%2FLight&et=1758167093&method=md5&sign=tO4mzR%2FmzJEXskLw%2B1Up8g%3D%3D


res：products/kr2HSP5Z9J/devices/Light
et：1758167093
key：dGVXYzJjRU5ZZEtSQllka0lpOXRPOXdJNGpaTUhrS2k=
methodmd5
Token：version=2018-10-31&res=products%2Fkr2HSP5Z9J%2Fdevices%2FLight&et=1758167093&method=md5&sign=tO4mzR%2FmzJEXskLw%2B1Up8g%3D%3D


res：products/kr2HSP5Z9J/devices/Light
et：1758167093
key：dGVXYzJjRU5ZZEtSQllka0lpOXRPOXdJNGpaTUhrS2k=
methodmd5
Token：version=2018-10-31&res=products%2Fkr2HSP5Z9J%2Fdevices%2FLight&et=1758167093&method=md5&sign=tO4mzR%2FmzJEXskLw%2B1Up8g%3D%3D


res：products/kr2HSP5Z9J/devices/Light
et：1758167093
key：dGVXYzJjRU5ZZEtSQllka0lpOXRPOXdJNGpaTUhrS2k=
methodmd5
Token：version=2018-10-31&res=products%2Fkr2HSP5Z9J%2Fdevices%2FLight&et=1758167093&method=md5&sign=tO4mzR%2FmzJEXskLw%2B1Up8g%3D%3D


res：products/kr2HSP5Z9J/devices/Light
et：1758167093
key：dGVXYzJjRU5ZZEtSQllka0lpOXRPOXdJNGpaTUhrS2k=
methodmd5
Token：version=2018-10-31&res=products%2Fkr2HSP5Z9J%2Fdevices%2FLight&et=1758167093&method=md5&sign=tO4mzR%2FmzJEXskLw%2B1Up8g%3D%3D


res：products/kr2HSP5Z9J/devices/Light
et：1758167093
key：dGVXYzJjRU5ZZEtSQllka0lpOXRPOXdJNGpaTUhrS2k=
methodmd5
Token：version=2018-10-31&res=products%2Fkr2HSP5Z9J%2Fdevices%2FLight&et=1758167093&method=md5&sign=tO4mzR%2FmzJEXskLw%2B1Up8g%3D%3D


res：products/kr2HSP5Z9J/devices/Light
et：1758167093
key：dGVXYzJjRU5ZZEtSQllka0lpOXRPOXdJNGpaTUhrS2k=
methodmd5
Token：version=2018-10-31&res=products%2Fkr2HSP5Z9J%2Fdevices%2FLight&et=1758167093&method=md5&sign=tO4mzR%2FmzJEXskLw%2B1Up8g%3D%3D


res：products/kr2HSP5Z9J/devices/light
et：1758167093
key：dGVXYzJjRU5ZZEtSQllka0lpOXRPOXdJNGpaTUhrS2k=
methodmd5
Token：version=2018-10-31&res=products%2Fkr2HSP5Z9J%2Fdevices%2Flight&et=1758167093&method=md5&sign=dTCUXKsZX85Ip4vHMEwKXw%3D%3D


res：products/kr2HSP5Z9J/devices/light
et：1758167093
key：dGVXYzJjRU5ZZEtSQllka0lpOXRPOXdJNGpaTUhrS2k=
methodmd5
Token：version=2018-10-31&res=products%2Fkr2HSP5Z9J%2Fdevices%2Flight&et=1758167093&method=md5&sign=dTCUXKsZX85Ip4vHMEwKXw%3D%3D


res：products/kr2HSP5Z9J/devices/light
et：1758167093
key：dGVXYzJjRU5ZZEtSQllka0lpOXRPOXdJNGpaTUhrS2k=
methodsha1
Token：version=2018-10-31&res=products%2Fkr2HSP5Z9J%2Fdevices%2Flight&et=1758167093&method=sha1&sign=I%2BR1i2IA2Fy7V%2FUREcEH9u4nKA4%3D


res：products/kr2HSP5Z9J/devices/light
et：1758167093
key：dGVXYzJjRU5ZZEtSQllka0lpOXRPOXdJNGpaTUhrS2k=
methodmd5
Token：version=2018-10-31&res=products%2Fkr2HSP5Z9J%2Fdevices%2Flight&et=1758167093&method=md5&sign=dTCUXKsZX85Ip4vHMEwKXw%3D%3D


res：products/kr2HSP5Z9J/devices/light
et：1758167093
key：dGVXYzJjRU5ZZEtSQllka0lpOXRPOXdJNGpaTUhrS2k=
methodmd5
Token：version=2018-10-31&res=products%2Fkr2HSP5Z9J%2Fdevices%2Flight&et=1758167093&method=md5&sign=dTCUXKsZX85Ip4vHMEwKXw%3D%3D


res：products/kr2HSP5Z9J/devices/light
et：1758167093
key：dGVXYzJjRU5ZZEtSQllka0lpOXRPOXdJNGpaTUhrS2k=
methodmd5
Token：version=2018-10-31&res=products%2Fkr2HSP5Z9J%2Fdevices%2Flight&et=1758167093&method=md5&sign=dTCUXKsZX85Ip4vHMEwKXw%3D%3D


res：products/kr2HSP5Z9J/devices/light
et：1758167093
key：dGVXYzJjRU5ZZEtSQllka0lpOXRPOXdJNGpaTUhrS2k=
methodmd5
Token：version=2018-10-31&res=products%2Fkr2HSP5Z9J%2Fdevices%2Flight&et=1758167093&method=md5&sign=dTCUXKsZX85Ip4vHMEwKXw%3D%3D


res：products/kr2HSP5Z9J/devices/light
et：1758167093
key：dGVXYzJjRU5ZZEtSQllka0lpOXRPOXdJNGpaTUhrS2k=
methodmd5
Token：version=2018-10-31&res=products%2Fkr2HSP5Z9J%2Fdevices%2Flight&et=1758167093&method=md5&sign=dTCUXKsZX85Ip4vHMEwKXw%3D%3D


res：products/kr2HSP5Z9J/devices/light
et：1789707548
key：dGVXYzJjRU5ZZEtSQllka0lpOXRPOXdJNGpaTUhrS2k=
methodmd5
Token：version=2018-10-31&res=products%2Fkr2HSP5Z9J%2Fdevices%2Flight&et=1789707548&method=md5&sign=3DE909aUgUc14pf9rVSpTg%3D%3D


res：products/j4HUUCl7iB/devices/guizi
et：1792993869
key：nwUl39XbT5OtH3FT5X/hNffXHyHvmR9d3W/X8xk/aQM=
methodmd5
Token：version=2018-10-31&res=products%2Fj4HUUCl7iB%2Fdevices%2Fguizi&et=1792993869&method=md5&sign=hZcos4H8nmw%2F9c%2FtnFeHgA%3D%3D


res：products/j4HUUCl7iB/devices/guizi
et：1792993869
key：nwUl39XbT5OtH3FT5X/hNffXHyHvmR9d3W/X8xk/aQM=
methodmd5
Token：version=2018-10-31&res=products%2Fj4HUUCl7iB%2Fdevices%2Fguizi&et=1792993869&method=md5&sign=hZcos4H8nmw%2F9c%2FtnFeHgA%3D%3D


res：products/j4HUUCl7iB/devices/guizi
et：1792993869
key：nwUl39XbT5OtH3FT5X/hNffXHyHvmR9d3W/X8xk/aQM=
methodmd5
Token：version=2018-10-31&res=products%2Fj4HUUCl7iB%2Fdevices%2Fguizi&et=1792993869&method=md5&sign=hZcos4H8nmw%2F9c%2FtnFeHgA%3D%3D


res：products/j4HUUCl7iB/devices/guizi
et：1792993869
key：nwUl39XbT5OtH3FT5X/hNffXHyHvmR9d3W/X8xk/aQM=
methodmd5
Token：version=2018-10-31&res=products%2Fj4HUUCl7iB%2Fdevices%2Fguizi&et=1792993869&method=md5&sign=hZcos4H8nmw%2F9c%2FtnFeHgA%3D%3D


res：products/j4HUUCl7iB/devices/guizi
et：1792993869
key：nwUl39XbT5OtH3FT5X/hNffXHyHvmR9d3W/X8xk/aQM=
methodmd5
Token：version=2018-10-31&res=products%2Fj4HUUCl7iB%2Fdevices%2Fguizi&et=1792993869&method=md5&sign=hZcos4H8nmw%2F9c%2FtnFeHgA%3D%3D


res：products/j4HUUCl7iB/devices/guizi
et：1792993869
key：nwUl39XbT5OtH3FT5X/hNffXHyHvmR9d3W/X8xk/aQM=
methodmd5
Token：version=2018-10-31&res=products%2Fj4HUUCl7iB%2Fdevices%2Fguizi&et=1792993869&method=md5&sign=hZcos4H8nmw%2F9c%2FtnFeHgA%3D%3D


res：products/j4HUUCl7iB/devices/guizi1
et：1792993869
key：nwUl39XbT5OtH3FT5X/hNffXHyHvmR9d3W/X8xk/aQM=
methodmd5
Token：version=2018-10-31&res=products%2Fj4HUUCl7iB%2Fdevices%2Fguizi1&et=1792993869&method=md5&sign=LTthBpkw5uLQ%2B79NeDeQpw%3D%3D


res：products/j4HUUCl7iB/devices/guizi
et：1792993869
key：nwUl39XbT5OtH3FT5X/hNffXHyHvmR9d3W/X8xk/aQM=
methodmd5
Token：version=2018-10-31&res=products%2Fj4HUUCl7iB%2Fdevices%2Fguizi&et=1792993869&method=md5&sign=hZcos4H8nmw%2F9c%2FtnFeHgA%3D%3D


res：products/j4HUUCl7iB/devices/guizi
et：1792993869
key：nwUl39XbT5OtH3FT5X/hNffXHyHvmR9d3W/X8xk/aQM=
methodmd5
Token：version=2018-10-31&res=products%2Fj4HUUCl7iB%2Fdevices%2Fguizi&et=1792993869&method=md5&sign=hZcos4H8nmw%2F9c%2FtnFeHgA%3D%3D


res：products/j4HUUCl7iB/devices/guizi
et：1792993869
key：nwUl39XbT5OtH3FT5X/hNffXHyHvmR9d3W/X8xk/aQM=
methodmd5
Token：version=2018-10-31&res=products%2Fj4HUUCl7iB%2Fdevices%2Fguizi&et=1792993869&method=md5&sign=hZcos4H8nmw%2F9c%2FtnFeHgA%3D%3D


res：products/j4HUUCl7iB/devices/guizi
et：1792993869
key：nwUl39XbT5OtH3FT5X/hNffXHyHvmR9d3W/X8xk/aQM=
methodmd5
Token：version=2018-10-31&res=products%2Fj4HUUCl7iB%2Fdevices%2Fguizi&et=1792993869&method=md5&sign=hZcos4H8nmw%2F9c%2FtnFeHgA%3D%3D


res：products/j4HUUCl7iB/devices/guizi
et：1792993869
key：nwUl39XbT5OtH3FT5X/hNffXHyHvmR9d3W/X8xk/aQM=
methodmd5
Token：version=2018-10-31&res=products%2Fj4HUUCl7iB%2Fdevices%2Fguizi&et=1792993869&method=md5&sign=hZcos4H8nmw%2F9c%2FtnFeHgA%3D%3D


res：products/j4HUUCl7iB/devices/guizi
et：1792993869
key：nwUl39XbT5OtH3FT5X/hNffXHyHvmR9d3W/X8xk/aQM=
methodmd5
Token：version=2018-10-31&res=products%2Fj4HUUCl7iB%2Fdevices%2Fguizi&et=1792993869&method=md5&sign=hZcos4H8nmw%2F9c%2FtnFeHgA%3D%3D


res：products/j4HUUCl7iB/devices/guizi
et：1792993869
key：nwUl39XbT5OtH3FT5X/hNffXHyHvmR9d3W/X8xk/aQM=
methodmd5
Token：version=2018-10-31&res=products%2Fj4HUUCl7iB%2Fdevices%2Fguizi&et=1792993869&method=md5&sign=hZcos4H8nmw%2F9c%2FtnFeHgA%3D%3D


res：products/j4HUUCl7iB/devices/guizi
et：1792993869
key：nwUl39XbT5OtH3FT5X/hNffXHyHvmR9d3W/X8xk/aQM=
methodmd5
Token：version=2018-10-31&res=products%2Fj4HUUCl7iB%2Fdevices%2Fguizi&et=1792993869&method=md5&sign=hZcos4H8nmw%2F9c%2FtnFeHgA%3D%3D


res：products/j4HUUCl7iB/devices/guizi
et：1792993869
key：nwUl39XbT5OtH3FT5X/hNffXHyHvmR9d3W/X8xk/aQM=
methodmd5
Token：version=2018-10-31&res=products%2Fj4HUUCl7iB%2Fdevices%2Fguizi&et=1792993869&method=md5&sign=hZcos4H8nmw%2F9c%2FtnFeHgA%3D%3D


res：products/j4HUUCl7iB/devices/guizi
et：1792993869
key：nwUl39XbT5OtH3FT5X/hNffXHyHvmR9d3W/X8xk/aQM=
methodmd5
Token：version=2018-10-31&res=products%2Fj4HUUCl7iB%2Fdevices%2Fguizi&et=1792993869&method=md5&sign=hZcos4H8nmw%2F9c%2FtnFeHgA%3D%3D


res：products/j4HUUCl7iB/devices/guizi
et：1792993869
key：nwUl39XbT5OtH3FT5X/hNffXHyHvmR9d3W/X8xk/aQM=
methodmd5
Token：version=2018-10-31&res=products%2Fj4HUUCl7iB%2Fdevices%2Fguizi&et=1792993869&method=md5&sign=hZcos4H8nmw%2F9c%2FtnFeHgA%3D%3D


res：products/
nL4jQVc01g/devices/heart
et：1792993869
key：Kasz4ddZO8c3eTkDe/sPkYENMz9xv7trEb3PNR8HWTU=
methodmd5
Token：version=2018-10-31&res=products%2F%0AnL4jQVc01g%2Fdevices%2Fheart&et=1792993869&method=md5&sign=d9lzAFxWzuZRyLveDVwWog%3D%3D


res：products/
nL4jQVc01g/devices/heart
et：1793949094
key：Kasz4ddZO8c3eTkDe/sPkYENMz9xv7trEb3PNR8HWTU=
methodmd5
Token：version=2018-10-31&res=products%2F%0AnL4jQVc01g%2Fdevices%2Fheart&et=1793949094&method=md5&sign=9YFFrUSDfdSsTSMyHIePTw%3D%3D


res：products/
nL4jQVc01g/devices/heart
et：1793948480
key：Kasz4ddZO8c3eTkDe/sPkYENMz9xv7trEb3PNR8HWTU=
methodmd5
Token：version=2018-10-31&res=products%2F%0AnL4jQVc01g%2Fdevices%2Fheart&et=1793948480&method=md5&sign=oGN1OeFzGs8R23mEj1aXVA%3D%3D


res：products/
nL4jQVc01g/devices/heart
et：1793948480
key：Kasz4ddZO8c3eTkDe/sPkYENMz9xv7trEb3PNR8HWTU=
methodmd5
Token：version=2018-10-31&res=products%2F%0AnL4jQVc01g%2Fdevices%2Fheart&et=1793948480&method=md5&sign=oGN1OeFzGs8R23mEj1aXVA%3D%3D


res：products/
nL4jQVc01g/devices/heart
et：1793948480
key：Kasz4ddZO8c3eTkDe/sPkYENMz9xv7trEb3PNR8HWTU=
methodmd5
Token：version=2018-10-31&res=products%2F%0AnL4jQVc01g%2Fdevices%2Fheart&et=1793948480&method=md5&sign=oGN1OeFzGs8R23mEj1aXVA%3D%3D


res：products/
nL4jQVc01g/devices/heart
et：1793948480
key：Kasz4ddZO8c3eTkDe/sPkYENMz9xv7trEb3PNR8HWTU=
methodmd5
Token：version=2018-10-31&res=products%2F%0AnL4jQVc01g%2Fdevices%2Fheart&et=1793948480&method=md5&sign=oGN1OeFzGs8R23mEj1aXVA%3D%3D


res：products/
nL4jQVc01g/devices/heart
et：1793948480
key：Kasz4ddZO8c3eTkDe/sPkYENMz9xv7trEb3PNR8HWTU=
methodmd5
Token：version=2018-10-31&res=products%2F%0AnL4jQVc01g%2Fdevices%2Fheart&et=1793948480&method=md5&sign=oGN1OeFzGs8R23mEj1aXVA%3D%3D


res：products/
nL4jQVc01g/devices/heart
et：1793948480
key：Kasz4ddZO8c3eTkDe/sPkYENMz9xv7trEb3PNR8HWTU=
methodmd5
Token：version=2018-10-31&res=products%2F%0AnL4jQVc01g%2Fdevices%2Fheart&et=1793948480&method=md5&sign=oGN1OeFzGs8R23mEj1aXVA%3D%3D


res：products/
nL4jQVc01g/devices/heart
et：1793948480
key：Kasz4ddZO8c3eTkDe/sPkYENMz9xv7trEb3PNR8HWTU=
methodmd5
Token：version=2018-10-31&res=products%2F%0AnL4jQVc01g%2Fdevices%2Fheart&et=1793948480&method=md5&sign=oGN1OeFzGs8R23mEj1aXVA%3D%3D


res：products/
nL4jQVc01g/devices/heart
et：1793948480
key：Kasz4ddZO8c3eTkDe/sPkYENMz9xv7trEb3PNR8HWTU=
methodmd5
Token：version=2018-10-31&res=products%2F%0AnL4jQVc01g%2Fdevices%2Fheart&et=1793948480&method=md5&sign=oGN1OeFzGs8R23mEj1aXVA%3D%3D


res：products/
nL4jQVc01g/devices/heart
et：1793948480
key：Kasz4ddZO8c3eTkDe/sPkYENMz9xv7trEb3PNR8HWTU=
methodmd5
Token：version=2018-10-31&res=products%2F%0AnL4jQVc01g%2Fdevices%2Fheart&et=1793948480&method=md5&sign=oGN1OeFzGs8R23mEj1aXVA%3D%3D


res：products/
nL4jQVc01g/devices/heart
et：1793948480
key：Kasz4ddZO8c3eTkDe/sPkYENMz9xv7trEb3PNR8HWTU=
methodmd5
Token：version=2018-10-31&res=products%2F%0AnL4jQVc01g%2Fdevices%2Fheart&et=1793948480&method=md5&sign=oGN1OeFzGs8R23mEj1aXVA%3D%3D


res：products/
nL4jQVc01g/devices/heart
et：1793948480
key：Kasz4ddZO8c3eTkDe/sPkYENMz9xv7trEb3PNR8HWTU=
methodmd5
Token：version=2018-10-31&res=products%2F%0AnL4jQVc01g%2Fdevices%2Fheart&et=1793948480&method=md5&sign=oGN1OeFzGs8R23mEj1aXVA%3D%3D


res：products/
nL4jQVc01g/devices/heart
et：1793948480
key：Kasz4ddZO8c3eTkDe/sPkYENMz9xv7trEb3PNR8HWTU=
methodmd5
Token：version=2018-10-31&res=products%2F%0AnL4jQVc01g%2Fdevices%2Fheart&et=1793948480&method=md5&sign=oGN1OeFzGs8R23mEj1aXVA%3D%3D


res：products/
nL4jQVc01g/devices/heart
et：1793948480
key：Kasz4ddZO8c3eTkDe/sPkYENMz9xv7trEb3PNR8HWTU=
methodmd5
Token：version=2018-10-31&res=products%2F%0AnL4jQVc01g%2Fdevices%2Fheart&et=1793948480&method=md5&sign=oGN1OeFzGs8R23mEj1aXVA%3D%3D


res：products/
nL4jQVc01g/devices/heart
et：1793948480
key：Kasz4ddZO8c3eTkDe/sPkYENMz9xv7trEb3PNR8HWTU=
methodmd5
Token：version=2018-10-31&res=products%2F%0AnL4jQVc01g%2Fdevices%2Fheart&et=1793948480&method=md5&sign=oGN1OeFzGs8R23mEj1aXVA%3D%3D


res：products/
nL4jQVc01g/devices/heart
et：1793948480
key：Kasz4ddZO8c3eTkDe/sPkYENMz9xv7trEb3PNR8HWTU=
methodmd5
Token：version=2018-10-31&res=products%2F%0AnL4jQVc01g%2Fdevices%2Fheart&et=1793948480&method=md5&sign=oGN1OeFzGs8R23mEj1aXVA%3D%3D


res：products/
nL4jQVc01g/devices/heart
et：1793948480
key：Kasz4ddZO8c3eTkDe/sPkYENMz9xv7trEb3PNR8HWTU=
methodmd5
Token：version=2018-10-31&res=products%2F%0AnL4jQVc01g%2Fdevices%2Fheart&et=1793948480&method=md5&sign=oGN1OeFzGs8R23mEj1aXVA%3D%3D


res：products/
nL4jQVc01g/devices/heart
et：1793948480
key：Kasz4ddZO8c3eTkDe/sPkYENMz9xv7trEb3PNR8HWTU=
methodmd5
Token：version=2018-10-31&res=products%2F%0AnL4jQVc01g%2Fdevices%2Fheart&et=1793948480&method=md5&sign=oGN1OeFzGs8R23mEj1aXVA%3D%3D


res：products/
nL4jQVc01g/devices/heart
et：1793951065
key：Kasz4ddZO8c3eTkDe/sPkYENMz9xv7trEb3PNR8HWTU=
methodmd5
Token：version=2018-10-31&res=products%2F%0AnL4jQVc01g%2Fdevices%2Fheart&et=1793951065&method=md5&sign=Wn6dGoVxpX7e9pczrawAHA%3D%3D


res：products/
nL4jQVc01g/devices/heart
et：1793951065
key：WFNpR1JFNjM2aTF4bWVQbTVTNzhCeExYY0RYQmpOZGM=
methodmd5
Token：version=2018-10-31&res=products%2F%0AnL4jQVc01g%2Fdevices%2Fheart&et=1793951065&method=md5&sign=f6t9iofn%2FcANzWpo726tTQ%3D%3D


res：products/r8ZQ2howP7/devices/heart
et：1793951065
key：H30FI12jlUv1+aFrsyup/UOtuUOnS5PBt7O1DwtLZdE=
methodmd5
Token：version=2018-10-31&res=products%2Fr8ZQ2howP7%2Fdevices%2Fheart&et=1793951065&method=md5&sign=xjLSm4FxwzKUcstmVc9Aeg%3D%3D


res：products/r8ZQ2howP7/devices/heart
et：1793951065
key：H30FI12jlUv1+aFrsyup/UOtuUOnS5PBt7O1DwtLZdE=
methodmd5
Token：version=2018-10-31&res=products%2Fr8ZQ2howP7%2Fdevices%2Fheart&et=1793951065&method=md5&sign=xjLSm4FxwzKUcstmVc9Aeg%3D%3D


res：products/r8ZQ2howP7/devices/heart
et：1793951065
key：H30FI12jlUv1+aFrsyup/UOtuUOnS5PBt7O1DwtLZdE=
methodmd5
Token：version=2018-10-31&res=products%2Fr8ZQ2howP7%2Fdevices%2Fheart&et=1793951065&method=md5&sign=xjLSm4FxwzKUcstmVc9Aeg%3D%3D


res：products/r8ZQ2howP7/devices/heart
et：1793951065
key：H30FI12jlUv1+aFrsyup/UOtuUOnS5PBt7O1DwtLZdE=
methodmd5
Token：version=2018-10-31&res=products%2Fr8ZQ2howP7%2Fdevices%2Fheart&et=1793951065&method=md5&sign=xjLSm4FxwzKUcstmVc9Aeg%3D%3D


res：products/r8ZQ2howP7/devices/heart
et：1793951065
key：H30FI12jlUv1+aFrsyup/UOtuUOnS5PBt7O1DwtLZdE=
methodmd5
Token：version=2018-10-31&res=products%2Fr8ZQ2howP7%2Fdevices%2Fheart&et=1793951065&method=md5&sign=xjLSm4FxwzKUcstmVc9Aeg%3D%3D


res：products/r8ZQ2howP7/devices/heart
et：1793951065
key：H30FI12jlUv1+aFrsyup/UOtuUOnS5PBt7O1DwtLZdE=
methodmd5
Token：version=2018-10-31&res=products%2Fr8ZQ2howP7%2Fdevices%2Fheart&et=1793951065&method=md5&sign=xjLSm4FxwzKUcstmVc9Aeg%3D%3D


res：products/r8ZQ2howP7/devices/heart
et：1793951065
key：H30FI12jlUv1+aFrsyup/UOtuUOnS5PBt7O1DwtLZdE=
methodmd5
Token：version=2018-10-31&res=products%2Fr8ZQ2howP7%2Fdevices%2Fheart&et=1793951065&method=md5&sign=xjLSm4FxwzKUcstmVc9Aeg%3D%3D


res：products/r8ZQ2howP7/devices/heart
et：1793951065
key：H30FI12jlUv1+aFrsyup/UOtuUOnS5PBt7O1DwtLZdE=
methodmd5
Token：version=2018-10-31&res=products%2Fr8ZQ2howP7%2Fdevices%2Fheart&et=1793951065&method=md5&sign=xjLSm4FxwzKUcstmVc9Aeg%3D%3D


res：products/8gk07FFwXm/devices/parking_lot
et：1793951065
key：YQPXGUuJc7Wfc3Vpi421w6sLI2ebUTmLXaeFndH1uT8=
methodmd5
Token：version=2018-10-31&res=products%2F8gk07FFwXm%2Fdevices%2Fparking_lot&et=1793951065&method=md5&sign=v6AoGZZ6F45DSU9sQwe2XA%3D%3D


res：products/OLQHMG4ptv/devices/parking_lot
et：1793951065
key：OV9faa/Z6WUpbSFd8SvzVb/DrZu5TRNP38FTqyN7Pdk=
methodmd5
Token：version=2018-10-31&res=products%2FOLQHMG4ptv%2Fdevices%2Fparking_lot&et=1793951065&method=md5&sign=jYkGscEIwW79v9Bb3VLu1w%3D%3D


